<?xml version="1.0" encoding="UTF-8"?>
<!-- Generated by org.testng.reporters.JUnitReportReporter -->
<testsuite hostname="Mr-Irfan" failures="0" tests="2" name="cucumberOptions.TestngTestRunner" time="24.661" errors="0" timestamp="2024-04-23T11:51:14 IST" skipped="0">
  <testcase classname="cucumberOptions.TestngTestRunner" name="runScenario" time="12.346"/>
  <testcase classname="cucumberOptions.TestngTestRunner" name="runScenario" time="12.315"/>
</testsuite> <!-- cucumberOptions.TestngTestRunner -->
