<?xml version="1.0" encoding="UTF-8"?>
<!-- Generated by org.testng.reporters.JUnitReportReporter -->
<testsuite hostname="Mr-Irfan" failures="0" tests="2" name="cucumberOptions.TestngTestRunner" time="21.446" errors="0" timestamp="2024-04-23T17:39:12 IST" skipped="0">
  <testcase classname="cucumberOptions.TestngTestRunner" name="runScenario" time="11.180"/>
  <testcase classname="cucumberOptions.TestngTestRunner" name="runScenario" time="10.266"/>
</testsuite> <!-- cucumberOptions.TestngTestRunner -->
